1743850535.073841 client started (52477): version 3.4, socket /private/tmp/tmux-501/default, protocol 8
1743850535.073865 on Darwin 24.4.0 Darwin Kernel Version 24.4.0: Wed Mar 19 21:17:37 PDT 2025; root:xnu-11417.101.15~1/RELEASE_ARM64_T6031
1743850535.073870 using libevent 2.1.12-stable select
1743850535.073883 using utf8proc 2.9.0
1743850535.073887 using ncurses 6.5 20240427
1743850535.073896 flags are 0x10010000
1743850535.073899 socket is /private/tmp/tmux-501/default
1743850535.073906 trying connect
1743850535.073935 add peer 0x128008000: 6 (0x0)
1743850535.075399 sending message 100 to peer 0x128008000 (4 bytes)
1743850535.075411 sending message 111 to peer 0x128008000 (8 bytes)
1743850535.075418 sending message 101 to peer 0x128008000 (15 bytes)
1743850535.075423 sending message 109 to peer 0x128008000 (4 bytes)
1743850535.075426 sending message 102 to peer 0x128008000 (13 bytes)
1743850535.075431 sending message 108 to peer 0x128008000 (53 bytes)
1743850535.075434 sending message 112 to peer 0x128008000 (58 bytes)
1743850535.075438 sending message 112 to peer 0x128008000 (5 bytes)
1743850535.075441 sending message 112 to peer 0x128008000 (5 bytes)
1743850535.075444 sending message 112 to peer 0x128008000 (6 bytes)
1743850535.075446 sending message 112 to peer 0x128008000 (6 bytes)
1743850535.075450 sending message 112 to peer 0x128008000 (11 bytes)
1743850535.075455 sending message 112 to peer 0x128008000 (10 bytes)
1743850535.075460 sending message 112 to peer 0x128008000 (13 bytes)
1743850535.075462 sending message 112 to peer 0x128008000 (14 bytes)
1743850535.075465 sending message 112 to peer 0x128008000 (19 bytes)
1743850535.075467 sending message 112 to peer 0x128008000 (11 bytes)
1743850535.075472 sending message 112 to peer 0x128008000 (10 bytes)
1743850535.075477 sending message 112 to peer 0x128008000 (15 bytes)
1743850535.075481 sending message 112 to peer 0x128008000 (21 bytes)
1743850535.075484 sending message 112 to peer 0x128008000 (13 bytes)
1743850535.075486 sending message 112 to peer 0x128008000 (7 bytes)
1743850535.075489 sending message 112 to peer 0x128008000 (13 bytes)
1743850535.075491 sending message 112 to peer 0x128008000 (7 bytes)
1743850535.075496 sending message 112 to peer 0x128008000 (13 bytes)
1743850535.075500 sending message 112 to peer 0x128008000 (9 bytes)
1743850535.075504 sending message 112 to peer 0x128008000 (21 bytes)
1743850535.075506 sending message 112 to peer 0x128008000 (13 bytes)
1743850535.075509 sending message 112 to peer 0x128008000 (9 bytes)
1743850535.075511 sending message 112 to peer 0x128008000 (16 bytes)
1743850535.075515 sending message 112 to peer 0x128008000 (13 bytes)
1743850535.075519 sending message 112 to peer 0x128008000 (9 bytes)
1743850535.075522 sending message 112 to peer 0x128008000 (9 bytes)
1743850535.075525 sending message 112 to peer 0x128008000 (12 bytes)
1743850535.075527 sending message 112 to peer 0x128008000 (8 bytes)
1743850535.075531 sending message 112 to peer 0x128008000 (8 bytes)
1743850535.075535 sending message 112 to peer 0x128008000 (13 bytes)
1743850535.075538 sending message 112 to peer 0x128008000 (7 bytes)
1743850535.075541 sending message 112 to peer 0x128008000 (7 bytes)
1743850535.075544 sending message 112 to peer 0x128008000 (9 bytes)
1743850535.075546 sending message 112 to peer 0x128008000 (9 bytes)
1743850535.075549 sending message 112 to peer 0x128008000 (15 bytes)
1743850535.075552 sending message 112 to peer 0x128008000 (13 bytes)
1743850535.075556 sending message 112 to peer 0x128008000 (12 bytes)
1743850535.075560 sending message 112 to peer 0x128008000 (8 bytes)
1743850535.075562 sending message 112 to peer 0x128008000 (14 bytes)
1743850535.075565 sending message 112 to peer 0x128008000 (11 bytes)
1743850535.075567 sending message 112 to peer 0x128008000 (9 bytes)
1743850535.075572 sending message 112 to peer 0x128008000 (10 bytes)
1743850535.075576 sending message 112 to peer 0x128008000 (10 bytes)
1743850535.075579 sending message 112 to peer 0x128008000 (10 bytes)
1743850535.075581 sending message 112 to peer 0x128008000 (10 bytes)
1743850535.075599 sending message 112 to peer 0x128008000 (11 bytes)
1743850535.075602 sending message 112 to peer 0x128008000 (12 bytes)
1743850535.075604 sending message 112 to peer 0x128008000 (12 bytes)
1743850535.075606 sending message 112 to peer 0x128008000 (12 bytes)
1743850535.075609 sending message 112 to peer 0x128008000 (12 bytes)
1743850535.075611 sending message 112 to peer 0x128008000 (12 bytes)
1743850535.075613 sending message 112 to peer 0x128008000 (11 bytes)
1743850535.075615 sending message 112 to peer 0x128008000 (11 bytes)
1743850535.075617 sending message 112 to peer 0x128008000 (12 bytes)
1743850535.075619 sending message 112 to peer 0x128008000 (12 bytes)
1743850535.075621 sending message 112 to peer 0x128008000 (12 bytes)
1743850535.075623 sending message 112 to peer 0x128008000 (12 bytes)
1743850535.075626 sending message 112 to peer 0x128008000 (12 bytes)
1743850535.075628 sending message 112 to peer 0x128008000 (9 bytes)
1743850535.075630 sending message 112 to peer 0x128008000 (12 bytes)
1743850535.075632 sending message 112 to peer 0x128008000 (13 bytes)
1743850535.075633 sending message 112 to peer 0x128008000 (13 bytes)
1743850535.075636 sending message 112 to peer 0x128008000 (13 bytes)
1743850535.075640 sending message 112 to peer 0x128008000 (13 bytes)
1743850535.075643 sending message 112 to peer 0x128008000 (13 bytes)
1743850535.075645 sending message 112 to peer 0x128008000 (8 bytes)
1743850535.075647 sending message 112 to peer 0x128008000 (11 bytes)
1743850535.075649 sending message 112 to peer 0x128008000 (11 bytes)
1743850535.075650 sending message 112 to peer 0x128008000 (11 bytes)
1743850535.075652 sending message 112 to peer 0x128008000 (12 bytes)
1743850535.075654 sending message 112 to peer 0x128008000 (12 bytes)
1743850535.075656 sending message 112 to peer 0x128008000 (12 bytes)
1743850535.075658 sending message 112 to peer 0x128008000 (12 bytes)
1743850535.075661 sending message 112 to peer 0x128008000 (13 bytes)
1743850535.075663 sending message 112 to peer 0x128008000 (13 bytes)
1743850535.075665 sending message 112 to peer 0x128008000 (13 bytes)
1743850535.075668 sending message 112 to peer 0x128008000 (8 bytes)
1743850535.075670 sending message 112 to peer 0x128008000 (13 bytes)
1743850535.075671 sending message 112 to peer 0x128008000 (13 bytes)
1743850535.075673 sending message 112 to peer 0x128008000 (13 bytes)
1743850535.075675 sending message 112 to peer 0x128008000 (13 bytes)
1743850535.075677 sending message 112 to peer 0x128008000 (13 bytes)
1743850535.075680 sending message 112 to peer 0x128008000 (12 bytes)
1743850535.075682 sending message 112 to peer 0x128008000 (12 bytes)
1743850535.075684 sending message 112 to peer 0x128008000 (12 bytes)
1743850535.075687 sending message 112 to peer 0x128008000 (12 bytes)
1743850535.075688 sending message 112 to peer 0x128008000 (13 bytes)
1743850535.075690 sending message 112 to peer 0x128008000 (8 bytes)
1743850535.075692 sending message 112 to peer 0x128008000 (13 bytes)
1743850535.075694 sending message 112 to peer 0x128008000 (13 bytes)
1743850535.075696 sending message 112 to peer 0x128008000 (13 bytes)
1743850535.075699 sending message 112 to peer 0x128008000 (13 bytes)
1743850535.075701 sending message 112 to peer 0x128008000 (13 bytes)
1743850535.075703 sending message 112 to peer 0x128008000 (13 bytes)
1743850535.075705 sending message 112 to peer 0x128008000 (13 bytes)
1743850535.075707 sending message 112 to peer 0x128008000 (12 bytes)
1743850535.075709 sending message 112 to peer 0x128008000 (12 bytes)
1743850535.075711 sending message 112 to peer 0x128008000 (12 bytes)
1743850535.075714 sending message 112 to peer 0x128008000 (8 bytes)
1743850535.075716 sending message 112 to peer 0x128008000 (12 bytes)
1743850535.075719 sending message 112 to peer 0x128008000 (13 bytes)
1743850535.075721 sending message 112 to peer 0x128008000 (13 bytes)
1743850535.075723 sending message 112 to peer 0x128008000 (13 bytes)
1743850535.075724 sending message 112 to peer 0x128008000 (13 bytes)
1743850535.075726 sending message 112 to peer 0x128008000 (13 bytes)
1743850535.075736 sending message 112 to peer 0x128008000 (13 bytes)
1743850535.075739 sending message 112 to peer 0x128008000 (13 bytes)
1743850535.075741 sending message 112 to peer 0x128008000 (13 bytes)
1743850535.075743 sending message 112 to peer 0x128008000 (12 bytes)
1743850535.075744 sending message 112 to peer 0x128008000 (10 bytes)
1743850535.075746 sending message 112 to peer 0x128008000 (12 bytes)
1743850535.075749 sending message 112 to peer 0x128008000 (12 bytes)
1743850535.075751 sending message 112 to peer 0x128008000 (12 bytes)
1743850535.075753 sending message 112 to peer 0x128008000 (13 bytes)
1743850535.075756 sending message 112 to peer 0x128008000 (13 bytes)
1743850535.075758 sending message 112 to peer 0x128008000 (13 bytes)
1743850535.075760 sending message 112 to peer 0x128008000 (13 bytes)
1743850535.075761 sending message 112 to peer 0x128008000 (13 bytes)
1743850535.075763 sending message 112 to peer 0x128008000 (13 bytes)
1743850535.075766 sending message 112 to peer 0x128008000 (13 bytes)
1743850535.075768 sending message 112 to peer 0x128008000 (10 bytes)
1743850535.075770 sending message 112 to peer 0x128008000 (13 bytes)
1743850535.075773 sending message 112 to peer 0x128008000 (12 bytes)
1743850535.075775 sending message 112 to peer 0x128008000 (12 bytes)
1743850535.075777 sending message 112 to peer 0x128008000 (12 bytes)
1743850535.075778 sending message 112 to peer 0x128008000 (10 bytes)
1743850535.075780 sending message 112 to peer 0x128008000 (10 bytes)
1743850535.075782 sending message 112 to peer 0x128008000 (10 bytes)
1743850535.075784 sending message 112 to peer 0x128008000 (12 bytes)
1743850535.075785 sending message 112 to peer 0x128008000 (13 bytes)
1743850535.075787 sending message 112 to peer 0x128008000 (13 bytes)
1743850535.075789 sending message 112 to peer 0x128008000 (13 bytes)
1743850535.075791 sending message 112 to peer 0x128008000 (13 bytes)
1743850535.075793 sending message 112 to peer 0x128008000 (13 bytes)
1743850535.075795 sending message 112 to peer 0x128008000 (10 bytes)
1743850535.075796 sending message 112 to peer 0x128008000 (11 bytes)
1743850535.075798 sending message 112 to peer 0x128008000 (12 bytes)
1743850535.075800 sending message 112 to peer 0x128008000 (12 bytes)
1743850535.075802 sending message 112 to peer 0x128008000 (12 bytes)
1743850535.075804 sending message 112 to peer 0x128008000 (12 bytes)
1743850535.075805 sending message 112 to peer 0x128008000 (12 bytes)
1743850535.075808 sending message 112 to peer 0x128008000 (11 bytes)
1743850535.075810 sending message 112 to peer 0x128008000 (12 bytes)
1743850535.075812 sending message 112 to peer 0x128008000 (12 bytes)
1743850535.075814 sending message 112 to peer 0x128008000 (13 bytes)
1743850535.075816 sending message 112 to peer 0x128008000 (13 bytes)
1743850535.075817 sending message 112 to peer 0x128008000 (13 bytes)
1743850535.075819 sending message 112 to peer 0x128008000 (13 bytes)
1743850535.075821 sending message 112 to peer 0x128008000 (13 bytes)
1743850535.075823 sending message 112 to peer 0x128008000 (10 bytes)
1743850535.075825 sending message 112 to peer 0x128008000 (9 bytes)
1743850535.075826 sending message 112 to peer 0x128008000 (12 bytes)
1743850535.075828 sending message 112 to peer 0x128008000 (13 bytes)
1743850535.075830 sending message 112 to peer 0x128008000 (13 bytes)
1743850535.075832 sending message 112 to peer 0x128008000 (13 bytes)
1743850535.075834 sending message 112 to peer 0x128008000 (13 bytes)
1743850535.075836 sending message 112 to peer 0x128008000 (13 bytes)
1743850535.075839 sending message 112 to peer 0x128008000 (9 bytes)
1743850535.075840 sending message 112 to peer 0x128008000 (12 bytes)
1743850535.075842 sending message 112 to peer 0x128008000 (13 bytes)
1743850535.075844 sending message 112 to peer 0x128008000 (13 bytes)
1743850535.075846 sending message 112 to peer 0x128008000 (13 bytes)
1743850535.075849 sending message 112 to peer 0x128008000 (13 bytes)
1743850535.075851 sending message 112 to peer 0x128008000 (13 bytes)
1743850535.075857 sending message 112 to peer 0x128008000 (11 bytes)
1743850535.075859 sending message 112 to peer 0x128008000 (12 bytes)
1743850535.075861 sending message 112 to peer 0x128008000 (13 bytes)
1743850535.075863 sending message 112 to peer 0x128008000 (13 bytes)
1743850535.075864 sending message 112 to peer 0x128008000 (13 bytes)
1743850535.075867 sending message 112 to peer 0x128008000 (13 bytes)
1743850535.075868 sending message 112 to peer 0x128008000 (13 bytes)
1743850535.075871 sending message 112 to peer 0x128008000 (11 bytes)
1743850535.075873 sending message 112 to peer 0x128008000 (12 bytes)
1743850535.075875 sending message 112 to peer 0x128008000 (12 bytes)
1743850535.075878 sending message 112 to peer 0x128008000 (12 bytes)
1743850535.075880 sending message 112 to peer 0x128008000 (12 bytes)
1743850535.075882 sending message 112 to peer 0x128008000 (12 bytes)
1743850535.075885 sending message 112 to peer 0x128008000 (21 bytes)
1743850535.075887 sending message 112 to peer 0x128008000 (12 bytes)
1743850535.075889 sending message 112 to peer 0x128008000 (9 bytes)
1743850535.075891 sending message 112 to peer 0x128008000 (6 bytes)
1743850535.075893 sending message 112 to peer 0x128008000 (13 bytes)
1743850535.075896 sending message 112 to peer 0x128008000 (10 bytes)
1743850535.075897 sending message 112 to peer 0x128008000 (24 bytes)
1743850535.075899 sending message 112 to peer 0x128008000 (13 bytes)
1743850535.075901 sending message 112 to peer 0x128008000 (9 bytes)
1743850535.075903 sending message 112 to peer 0x128008000 (70 bytes)
1743850535.075905 sending message 112 to peer 0x128008000 (69 bytes)
1743850535.075907 sending message 112 to peer 0x128008000 (12 bytes)
1743850535.075908 sending message 112 to peer 0x128008000 (10 bytes)
1743850535.075911 sending message 112 to peer 0x128008000 (10 bytes)
1743850535.075912 sending message 112 to peer 0x128008000 (24 bytes)
1743850535.075915 sending message 112 to peer 0x128008000 (13 bytes)
1743850535.075917 sending message 112 to peer 0x128008000 (10 bytes)
1743850535.075920 sending message 112 to peer 0x128008000 (10 bytes)
1743850535.075922 sending message 112 to peer 0x128008000 (10 bytes)
1743850535.075924 sending message 112 to peer 0x128008000 (13 bytes)
1743850535.075927 sending message 112 to peer 0x128008000 (15 bytes)
1743850535.075929 sending message 112 to peer 0x128008000 (5 bytes)
1743850535.075932 sending message 104 to peer 0x128008000 (0 bytes)
1743850535.075935 sending message 110 to peer 0x128008000 (0 bytes)
1743850535.075938 sending message 107 to peer 0x128008000 (4 bytes)
1743850535.075940 sending message 105 to peer 0x128008000 (57 bytes)
1743850535.075942 sending message 105 to peer 0x128008000 (19 bytes)
1743850535.075944 sending message 105 to peer 0x128008000 (409 bytes)
1743850535.075946 sending message 105 to peer 0x128008000 (27 bytes)
1743850535.075949 sending message 105 to peer 0x128008000 (44 bytes)
1743850535.075951 sending message 105 to peer 0x128008000 (36 bytes)
1743850535.075953 sending message 105 to peer 0x128008000 (17 bytes)
1743850535.075955 sending message 105 to peer 0x128008000 (24 bytes)
1743850535.075957 sending message 105 to peer 0x128008000 (31 bytes)
1743850535.075959 sending message 105 to peer 0x128008000 (211 bytes)
1743850535.075961 sending message 105 to peer 0x128008000 (42 bytes)
1743850535.075963 sending message 105 to peer 0x128008000 (86 bytes)
1743850535.075965 sending message 105 to peer 0x128008000 (61 bytes)
1743850535.075966 sending message 105 to peer 0x128008000 (14 bytes)
1743850535.075968 sending message 105 to peer 0x128008000 (16 bytes)
1743850535.075971 sending message 105 to peer 0x128008000 (30 bytes)
1743850535.075973 sending message 105 to peer 0x128008000 (60 bytes)
1743850535.075975 sending message 105 to peer 0x128008000 (91 bytes)
1743850535.075977 sending message 105 to peer 0x128008000 (42 bytes)
1743850535.075979 sending message 105 to peer 0x128008000 (96 bytes)
1743850535.075981 sending message 105 to peer 0x128008000 (20 bytes)
1743850535.075987 sending message 105 to peer 0x128008000 (19 bytes)
1743850535.075989 sending message 105 to peer 0x128008000 (22 bytes)
1743850535.075991 sending message 105 to peer 0x128008000 (21 bytes)
1743850535.075993 sending message 105 to peer 0x128008000 (90 bytes)
1743850535.075995 sending message 105 to peer 0x128008000 (14 bytes)
1743850535.075997 sending message 105 to peer 0x128008000 (42 bytes)
1743850535.075998 sending message 105 to peer 0x128008000 (13 bytes)
1743850535.076000 sending message 105 to peer 0x128008000 (15 bytes)
1743850535.076002 sending message 105 to peer 0x128008000 (42 bytes)
1743850535.076004 sending message 105 to peer 0x128008000 (78 bytes)
1743850535.076007 sending message 105 to peer 0x128008000 (16 bytes)
1743850535.076009 sending message 105 to peer 0x128008000 (77 bytes)
1743850535.076012 sending message 105 to peer 0x128008000 (20 bytes)
1743850535.076014 sending message 105 to peer 0x128008000 (45 bytes)
1743850535.076016 sending message 105 to peer 0x128008000 (36 bytes)
1743850535.076018 sending message 105 to peer 0x128008000 (82 bytes)
1743850535.076020 sending message 105 to peer 0x128008000 (44 bytes)
1743850535.076022 sending message 105 to peer 0x128008000 (19 bytes)
1743850535.076024 sending message 105 to peer 0x128008000 (208 bytes)
1743850535.076025 sending message 105 to peer 0x128008000 (37 bytes)
1743850535.076027 sending message 105 to peer 0x128008000 (11 bytes)
1743850535.076029 sending message 105 to peer 0x128008000 (28 bytes)
1743850535.076031 sending message 105 to peer 0x128008000 (66 bytes)
1743850535.076033 sending message 105 to peer 0x128008000 (39 bytes)
1743850535.076034 sending message 105 to peer 0x128008000 (31 bytes)
1743850535.076036 sending message 105 to peer 0x128008000 (84 bytes)
1743850535.076038 sending message 105 to peer 0x128008000 (35 bytes)
1743850535.076040 sending message 105 to peer 0x128008000 (33 bytes)
1743850535.076041 sending message 105 to peer 0x128008000 (8 bytes)
1743850535.076044 sending message 105 to peer 0x128008000 (16 bytes)
1743850535.076046 sending message 105 to peer 0x128008000 (34 bytes)
1743850535.076048 sending message 105 to peer 0x128008000 (8 bytes)
1743850535.076051 sending message 105 to peer 0x128008000 (15 bytes)
1743850535.076053 sending message 105 to peer 0x128008000 (36 bytes)
1743850535.076055 sending message 105 to peer 0x128008000 (20 bytes)
1743850535.076056 sending message 105 to peer 0x128008000 (23 bytes)
1743850535.076058 sending message 105 to peer 0x128008000 (15 bytes)
1743850535.076060 sending message 105 to peer 0x128008000 (32 bytes)
1743850535.076062 sending message 105 to peer 0x128008000 (92 bytes)
1743850535.076064 sending message 105 to peer 0x128008000 (38 bytes)
1743850535.076065 sending message 105 to peer 0x128008000 (57 bytes)
1743850535.076067 sending message 105 to peer 0x128008000 (20 bytes)
1743850535.076069 sending message 105 to peer 0x128008000 (57 bytes)
1743850535.076071 sending message 105 to peer 0x128008000 (15 bytes)
1743850535.076072 sending message 105 to peer 0x128008000 (66 bytes)
1743850535.076074 sending message 105 to peer 0x128008000 (54 bytes)
1743850535.076076 sending message 105 to peer 0x128008000 (51 bytes)
1743850535.076078 sending message 105 to peer 0x128008000 (31 bytes)
1743850535.076080 sending message 105 to peer 0x128008000 (19 bytes)
1743850535.076082 sending message 105 to peer 0x128008000 (14 bytes)
1743850535.076084 sending message 105 to peer 0x128008000 (39 bytes)
1743850535.076086 sending message 105 to peer 0x128008000 (17 bytes)
1743850535.076087 sending message 105 to peer 0x128008000 (103 bytes)
1743850535.076090 sending message 105 to peer 0x128008000 (142 bytes)
1743850535.076092 sending message 105 to peer 0x128008000 (31 bytes)
1743850535.076094 sending message 105 to peer 0x128008000 (120 bytes)
1743850535.076096 sending message 105 to peer 0x128008000 (98 bytes)
1743850535.076098 sending message 105 to peer 0x128008000 (19 bytes)
1743850535.076100 sending message 105 to peer 0x128008000 (26 bytes)
1743850535.076102 sending message 105 to peer 0x128008000 (31 bytes)
1743850535.076106 sending message 105 to peer 0x128008000 (60 bytes)
1743850535.076108 sending message 105 to peer 0x128008000 (29 bytes)
1743850535.076110 sending message 105 to peer 0x128008000 (25 bytes)
1743850535.076112 sending message 106 to peer 0x128008000 (0 bytes)
1743850535.076174 sending message 200 to peer 0x128008000 (4 bytes)
1743850535.076178 client loop enter
1743850535.079073 peer 0x128008000 message 207
1743850535.079079 sending message 208 to peer 0x128008000 (0 bytes)
1743851833.665437 client_signal: Window size changes: 28
1743851833.666258 sending message 208 to peer 0x128008000 (0 bytes)
1743851833.703539 client_signal: Window size changes: 28
1743851833.703569 sending message 208 to peer 0x128008000 (0 bytes)
1743851833.737875 client_signal: Window size changes: 28
1743851833.737909 sending message 208 to peer 0x128008000 (0 bytes)
1743851833.845000 client_signal: Window size changes: 28
1743851833.845081 sending message 208 to peer 0x128008000 (0 bytes)
1743851833.903527 client_signal: Window size changes: 28
1743851833.903596 sending message 208 to peer 0x128008000 (0 bytes)
1743851833.953284 client_signal: Window size changes: 28
1743851833.953350 sending message 208 to peer 0x128008000 (0 bytes)
1743851834.027862 client_signal: Window size changes: 28
1743851834.027906 sending message 208 to peer 0x128008000 (0 bytes)
1743851834.071250 client_signal: Window size changes: 28
1743851834.071286 sending message 208 to peer 0x128008000 (0 bytes)
1743851834.095334 client_signal: Window size changes: 28
1743851834.095383 sending message 208 to peer 0x128008000 (0 bytes)
1743851834.138638 client_signal: Window size changes: 28
1743851834.138701 sending message 208 to peer 0x128008000 (0 bytes)
1743851834.168910 client_signal: Window size changes: 28
1743851834.168970 sending message 208 to peer 0x128008000 (0 bytes)
1743851834.252716 client_signal: Window size changes: 28
1743851834.252754 sending message 208 to peer 0x128008000 (0 bytes)
1743852289.351746 client_signal: Hangup: 1
1743852289.352013 sending message 205 to peer 0x128008000 (0 bytes)
1743852289.352863 peer 0x128008000 message 204
1743852289.352898 client loop exit
